<?xml version="1.0" encoding="UTF-8"?>
<testng-results ignored="0" total="4" passed="4" failed="0" skipped="0">
  <reporter-output>
  </reporter-output>
  <suite started-at="2024-08-01T12:41:05 GMT-07:00" name="Default suite" finished-at="2024-08-01T12:41:35 GMT-07:00" duration-ms="30171">
    <groups>
    </groups>
    <test started-at="2024-08-01T12:41:05 GMT-07:00" name="Default test" finished-at="2024-08-01T12:41:35 GMT-07:00" duration-ms="30171">
      <class name="com.qa.TestCase.Test_Allfunctionality">
        <test-method is-config="true" signature="launchSite()[pri:0, instance:com.qa.TestCase.Test_Allfunctionality@7c37508a]" started-at="2024-08-01T12:41:05 GMT-07:00" name="launchSite" finished-at="2024-08-01T12:41:12 GMT-07:00" duration-ms="6704" status="PASS">
          <reporter-output>
          </reporter-output>
        </test-method> <!-- launchSite -->
        <test-method signature="LoginPage()[pri:1, instance:com.qa.TestCase.Test_Allfunctionality@7c37508a]" started-at="2024-08-01T12:41:12 GMT-07:00" name="LoginPage" finished-at="2024-08-01T12:41:17 GMT-07:00" duration-ms="5205" status="PASS">
          <reporter-output>
          </reporter-output>
        </test-method> <!-- LoginPage -->
        <test-method signature="ScrollVertical()[pri:2, instance:com.qa.TestCase.Test_Allfunctionality@7c37508a]" started-at="2024-08-01T12:41:17 GMT-07:00" name="ScrollVertical" finished-at="2024-08-01T12:41:21 GMT-07:00" duration-ms="4293" status="PASS">
          <reporter-output>
          </reporter-output>
        </test-method> <!-- ScrollVertical -->
        <test-method signature="CartFunction()[pri:3, instance:com.qa.TestCase.Test_Allfunctionality@7c37508a]" started-at="2024-08-01T12:41:21 GMT-07:00" name="CartFunction" finished-at="2024-08-01T12:41:26 GMT-07:00" duration-ms="4435" status="PASS">
          <reporter-output>
          </reporter-output>
        </test-method> <!-- CartFunction -->
        <test-method signature="CheckoutFunction()[pri:4, instance:com.qa.TestCase.Test_Allfunctionality@7c37508a]" started-at="2024-08-01T12:41:26 GMT-07:00" name="CheckoutFunction" finished-at="2024-08-01T12:41:34 GMT-07:00" duration-ms="8187" status="PASS">
          <reporter-output>
          </reporter-output>
        </test-method> <!-- CheckoutFunction -->
        <test-method is-config="true" signature="closeBrowser()[pri:0, instance:com.qa.TestCase.Test_Allfunctionality@7c37508a]" started-at="2024-08-01T12:41:34 GMT-07:00" name="closeBrowser" finished-at="2024-08-01T12:41:35 GMT-07:00" duration-ms="1190" status="PASS">
          <reporter-output>
          </reporter-output>
        </test-method> <!-- closeBrowser -->
      </class> <!-- com.qa.TestCase.Test_Allfunctionality -->
    </test> <!-- Default test -->
  </suite> <!-- Default suite -->
</testng-results>
